<?xml version="1.0" encoding="UTF-8"?>
<testng-results ignored="0" total="21" passed="21" failed="0" skipped="0">
  <reporter-output>
  </reporter-output>
  <suite started-at="2025-03-22T20:49:14 IST" name="Suite" finished-at="2025-03-22T20:51:50 IST" duration-ms="156336">
    <groups>
      <group name="sanity">
        <method signature="dispensary_testcase.verifyTitleOfTheHomePage()[pri:1, instance:testcases.dispensary_testcase@2c715e84]" name="verifyTitleOfTheHomePage" class="testcases.dispensary_testcase"/>
        <method signature="dispensary_testcase.verifyDispensaryModuleIsPresentOrNot()[pri:2, instance:testcases.dispensary_testcase@2c715e84]" name="verifyDispensaryModuleIsPresentOrNot" class="testcases.dispensary_testcase"/>
        <method signature="dispensary_testcase.verifyAllSubModulesArePresent()[pri:3, instance:testcases.dispensary_testcase@2c715e84]" name="verifyAllSubModulesArePresent" class="testcases.dispensary_testcase"/>
        <method signature="dispensary_testcase.scrollToButtomAndVerifyTheFields()[pri:4, instance:testcases.dispensary_testcase@2c715e84]" name="scrollToButtomAndVerifyTheFields" class="testcases.dispensary_testcase"/>
        <method signature="dispensary_testcase.performTheKeyboardOperationToOpenThePopup()[pri:5, instance:testcases.dispensary_testcase@2c715e84]" name="performTheKeyboardOperationToOpenThePopup" class="testcases.dispensary_testcase"/>
        <method signature="dispensary_testcase.validateTheErrorMessageInFirstnameTextfield()[pri:6, instance:testcases.dispensary_testcase@2c715e84]" name="validateTheErrorMessageInFirstnameTextfield" class="testcases.dispensary_testcase"/>
        <method signature="dispensary_testcase.fillAllTheTextfields()[pri:7, instance:testcases.dispensary_testcase@2c715e84]" name="fillAllTheTextfields" class="testcases.dispensary_testcase"/>
        <method signature="dispensary_testcase.validateTheConfirmMessage()[pri:8, instance:testcases.dispensary_testcase@2c715e84]" name="validateTheConfirmMessage" class="testcases.dispensary_testcase"/>
        <method signature="dispensary_testcase.selectFilterverifyFilterIsSelectedOrNot()[pri:9, instance:testcases.dispensary_testcase@2c715e84]" name="selectFilterverifyFilterIsSelectedOrNot" class="testcases.dispensary_testcase"/>
        <method signature="dispensary_testcase.validateTheButtonIsPresentAndNavigateToThisPage()[pri:10, instance:testcases.dispensary_testcase@2c715e84]" name="validateTheButtonIsPresentAndNavigateToThisPage" class="testcases.dispensary_testcase"/>
        <method signature="dispensary_testcase.verifyTheFieldsAreDisplayed()[pri:11, instance:testcases.dispensary_testcase@2c715e84]" name="verifyTheFieldsAreDisplayed" class="testcases.dispensary_testcase"/>
        <method signature="dispensary_testcase.verifyThePageNameAndButtons()[pri:12, instance:testcases.dispensary_testcase@2c715e84]" name="verifyThePageNameAndButtons" class="testcases.dispensary_testcase"/>
        <method signature="dispensary_testcase.fetchTheDataFromTheTable()[pri:13, instance:testcases.dispensary_testcase@2c715e84]" name="fetchTheDataFromTheTable" class="testcases.dispensary_testcase"/>
        <method signature="dispensary_testcase.validatePlaceholderName()[pri:14, instance:testcases.dispensary_testcase@2c715e84]" name="validatePlaceholderName" class="testcases.dispensary_testcase"/>
        <method signature="dispensary_testcase.performJavaScriptExecutorOperation()[pri:15, instance:testcases.dispensary_testcase@2c715e84]" name="performJavaScriptExecutorOperation" class="testcases.dispensary_testcase"/>
        <method signature="dispensary_testcase.verifyTooltipOfAnElement()[pri:16, instance:testcases.dispensary_testcase@2c715e84]" name="verifyTooltipOfAnElement" class="testcases.dispensary_testcase"/>
        <method signature="dispensary_testcase.verifyIndiaIsSelectedFromCountryDropdown()[pri:17, instance:testcases.dispensary_testcase@2c715e84]" name="verifyIndiaIsSelectedFromCountryDropdown" class="testcases.dispensary_testcase"/>
        <method signature="dispensary_testcase.takingScreenshotOfCurrentPage()[pri:18, instance:testcases.dispensary_testcase@2c715e84]" name="takingScreenshotOfCurrentPage" class="testcases.dispensary_testcase"/>
        <method signature="dispensary_testcase.uploadImageInScannedImagesSection()[pri:19, instance:testcases.dispensary_testcase@2c715e84]" name="uploadImageInScannedImagesSection" class="testcases.dispensary_testcase"/>
        <method signature="dispensary_testcase.handleAlertPopup()[pri:20, instance:testcases.dispensary_testcase@2c715e84]" name="handleAlertPopup" class="testcases.dispensary_testcase"/>
        <method signature="dispensary_testcase.handleCheckBox()[pri:21, instance:testcases.dispensary_testcase@2c715e84]" name="handleCheckBox" class="testcases.dispensary_testcase"/>
      </group> <!-- sanity -->
    </groups>
    <test started-at="2025-03-22T20:49:14 IST" name="Test" finished-at="2025-03-22T20:51:50 IST" duration-ms="156336">
      <class name="testcases.dispensary_testcase">
        <test-method is-config="true" signature="initBrowser(java.lang.String,java.lang.String)[pri:0, instance:testcases.dispensary_testcase@2c715e84]" started-at="2025-03-22T20:49:14 IST" name="initBrowser" finished-at="2025-03-22T20:49:21 IST" duration-ms="7050" status="PASS">
          <params>
            <param index="0">
              <value>
                <![CDATA[chrome]]>
              </value>
            </param>
            <param index="1">
              <value>
                <![CDATA[dev]]>
              </value>
            </param>
          </params>
          <reporter-output>
          </reporter-output>
        </test-method> <!-- initBrowser -->
        <test-method signature="verifyTitleOfTheHomePage()[pri:1, instance:testcases.dispensary_testcase@2c715e84]" started-at="2025-03-22T20:49:21 IST" name="verifyTitleOfTheHomePage" description="Verify the title and url of  the current page" finished-at="2025-03-22T20:49:27 IST" duration-ms="5738" status="PASS">
          <reporter-output>
          </reporter-output>
        </test-method> <!-- verifyTitleOfTheHomePage -->
        <test-method signature="verifyDispensaryModuleIsPresentOrNot()[pri:2, instance:testcases.dispensary_testcase@2c715e84]" started-at="2025-03-22T20:49:31 IST" name="verifyDispensaryModuleIsPresentOrNot" description="verify the Dispensary module is present or not?" finished-at="2025-03-22T20:49:31 IST" duration-ms="70" status="PASS">
          <reporter-output>
          </reporter-output>
        </test-method> <!-- verifyDispensaryModuleIsPresentOrNot -->
        <test-method signature="verifyAllSubModulesArePresent()[pri:3, instance:testcases.dispensary_testcase@2c715e84]" started-at="2025-03-22T20:49:34 IST" name="verifyAllSubModulesArePresent" description="verify all sub-modules are displayed correctly after clicking on the expand icon of Dispensary Module" finished-at="2025-03-22T20:49:34 IST" duration-ms="744" status="PASS">
          <reporter-output>
          </reporter-output>
        </test-method> <!-- verifyAllSubModulesArePresent -->
        <test-method signature="scrollToButtomAndVerifyTheFields()[pri:4, instance:testcases.dispensary_testcase@2c715e84]" started-at="2025-03-22T20:49:37 IST" name="scrollToButtomAndVerifyTheFields" description="scroll to the bottom of the Sale page and verify that Print Invoice button,Discard button,Invoice History and Credit Limitis and Balance text are peresent or not?" finished-at="2025-03-22T20:49:44 IST" duration-ms="6373" status="PASS">
          <reporter-output>
          </reporter-output>
        </test-method> <!-- scrollToButtomAndVerifyTheFields -->
        <test-method signature="performTheKeyboardOperationToOpenThePopup()[pri:5, instance:testcases.dispensary_testcase@2c715e84]" started-at="2025-03-22T20:49:47 IST" name="performTheKeyboardOperationToOpenThePopup" description="Perform the keyboard operation to open the Add New Patient popup Page  and verify that the popup is displayed or not" finished-at="2025-03-22T20:49:48 IST" duration-ms="268" status="PASS">
          <reporter-output>
          </reporter-output>
        </test-method> <!-- performTheKeyboardOperationToOpenThePopup -->
        <test-method signature="validateTheErrorMessageInFirstnameTextfield()[pri:6, instance:testcases.dispensary_testcase@2c715e84]" started-at="2025-03-22T20:49:51 IST" name="validateTheErrorMessageInFirstnameTextfield" description="Validate the error message in Add New Patient form&#039;s firstname textfield after clicking on Ok Button without filling any information in the form" finished-at="2025-03-22T20:49:56 IST" duration-ms="5293" status="PASS">
          <reporter-output>
          </reporter-output>
        </test-method> <!-- validateTheErrorMessageInFirstnameTextfield -->
        <test-method signature="fillAllTheTextfields()[pri:7, instance:testcases.dispensary_testcase@2c715e84]" started-at="2025-03-22T20:50:00 IST" name="fillAllTheTextfields" description="Fill all the text fields which are present inside the Add New Patient form and Validate entered values" finished-at="2025-03-22T20:50:01 IST" duration-ms="1155" status="PASS">
          <reporter-output>
          </reporter-output>
        </test-method> <!-- fillAllTheTextfields -->
        <test-method signature="validateTheConfirmMessage()[pri:8, instance:testcases.dispensary_testcase@2c715e84]" started-at="2025-03-22T20:50:04 IST" name="validateTheConfirmMessage" description="On the New Consumption Entry&#039;s page, validate the confirm! Message that is Are you sure you want to Proceed ?" finished-at="2025-03-22T20:50:04 IST" duration-ms="499" status="PASS">
          <reporter-output>
          </reporter-output>
        </test-method> <!-- validateTheConfirmMessage -->
        <test-method signature="selectFilterverifyFilterIsSelectedOrNot()[pri:9, instance:testcases.dispensary_testcase@2c715e84]" started-at="2025-03-22T20:50:07 IST" name="selectFilterverifyFilterIsSelectedOrNot" description="on the Stock page,select Main store from Filter by store dropdown and verify that Main store is selected and stock value are filtered by the selected store name " finished-at="2025-03-22T20:50:11 IST" duration-ms="3423" status="PASS">
          <reporter-output>
          </reporter-output>
        </test-method> <!-- selectFilterverifyFilterIsSelectedOrNot -->
        <test-method signature="validateTheButtonIsPresentAndNavigateToThisPage()[pri:10, instance:testcases.dispensary_testcase@2c715e84]" started-at="2025-03-22T20:50:14 IST" name="validateTheButtonIsPresentAndNavigateToThisPage" description="on the stock page , please validate clicking Create Requisition button navigate to Add Requisitions page and validate the page Name" finished-at="2025-03-22T20:50:14 IST" duration-ms="389" status="PASS">
          <reporter-output>
          </reporter-output>
        </test-method> <!-- validateTheButtonIsPresentAndNavigateToThisPage -->
        <test-method signature="verifyTheFieldsAreDisplayed()[pri:11, instance:testcases.dispensary_testcase@2c715e84]" started-at="2025-03-22T20:50:17 IST" name="verifyTheFieldsAreDisplayed" description="on the Add Requisition page, clicking the + icon button on right hand side of Remarks text box add a  the New set of elements to add a new records and validate New Item text field, Quantity Text field and Remark text box are present or not 2nd rows?" finished-at="2025-03-22T20:50:18 IST" duration-ms="346" status="PASS">
          <reporter-output>
          </reporter-output>
        </test-method> <!-- verifyTheFieldsAreDisplayed -->
        <test-method signature="verifyThePageNameAndButtons()[pri:12, instance:testcases.dispensary_testcase@2c715e84]" started-at="2025-03-22T20:50:21 IST" name="verifyThePageNameAndButtons" description="On the Requisition page, verify that view button under action navigate to the Requisition Details Print page and validate the page name is Requisition Details Print and validate print and Requisitions List button are present." finished-at="2025-03-22T20:50:21 IST" duration-ms="499" status="PASS">
          <reporter-output>
          </reporter-output>
        </test-method> <!-- verifyThePageNameAndButtons -->
        <test-method signature="fetchTheDataFromTheTable()[pri:13, instance:testcases.dispensary_testcase@2c715e84]" started-at="2025-03-22T20:50:24 IST" name="fetchTheDataFromTheTable" description="On the Requisition Details Print page, Get the medicine name from the Requisition Details Print table and  validate the medicine name is not blank." finished-at="2025-03-22T20:50:24 IST" duration-ms="72" status="PASS">
          <reporter-output>
          </reporter-output>
        </test-method> <!-- fetchTheDataFromTheTable -->
        <test-method signature="validatePlaceholderName()[pri:14, instance:testcases.dispensary_testcase@2c715e84]" started-at="2025-03-22T20:50:27 IST" name="validatePlaceholderName" description="On the New SSU Patient Registration under social service module, get the place holder name of Address textfiled of New SSU Patient Registration page and verify  the place holder name." finished-at="2025-03-22T20:50:31 IST" duration-ms="3540" status="PASS">
          <reporter-output>
          </reporter-output>
        </test-method> <!-- validatePlaceholderName -->
        <test-method signature="performJavaScriptExecutorOperation()[pri:15, instance:testcases.dispensary_testcase@2c715e84]" started-at="2025-03-22T20:50:34 IST" name="performJavaScriptExecutorOperation" description="On the New SSU Patient Registration page, Close this New SSU Patient Registration popup page by using javaScript." finished-at="2025-03-22T20:50:37 IST" duration-ms="3131" status="PASS">
          <reporter-output>
          </reporter-output>
        </test-method> <!-- performJavaScriptExecutorOperation -->
        <test-method signature="verifyTooltipOfAnElement()[pri:16, instance:testcases.dispensary_testcase@2c715e84]" started-at="2025-03-22T20:50:40 IST" name="verifyTooltipOfAnElement" description="On the Appointment module, under the&quot;New visit&quot; tab, verify tooltips which is present on keyboard icon." finished-at="2025-03-22T20:50:41 IST" duration-ms="790" status="PASS">
          <reporter-output>
          </reporter-output>
        </test-method> <!-- verifyTooltipOfAnElement -->
        <test-method signature="verifyIndiaIsSelectedFromCountryDropdown()[pri:17, instance:testcases.dispensary_testcase@2c715e84]" started-at="2025-03-22T20:50:44 IST" name="verifyIndiaIsSelectedFromCountryDropdown" description="Simply select India  from the country dropdown menu and validate India is selected or not." finished-at="2025-03-22T20:50:45 IST" duration-ms="1560" status="PASS">
          <reporter-output>
          </reporter-output>
        </test-method> <!-- verifyIndiaIsSelectedFromCountryDropdown -->
        <test-method signature="takingScreenshotOfCurrentPage()[pri:18, instance:testcases.dispensary_testcase@2c715e84]" started-at="2025-03-22T20:50:48 IST" name="takingScreenshotOfCurrentPage" description="On the Dispensary module&#039;s &quot;Sale&quot; page, Taking screenshot of the current page after closing the &quot;Add New Patient&quot; form." finished-at="2025-03-22T20:50:49 IST" duration-ms="264" status="PASS">
          <reporter-output>
          </reporter-output>
        </test-method> <!-- takingScreenshotOfCurrentPage -->
        <test-method signature="uploadImageInScannedImagesSection()[pri:19, instance:testcases.dispensary_testcase@2c715e84]" started-at="2025-03-22T20:50:52 IST" name="uploadImageInScannedImagesSection" description="Upload a image in Scanned Images section" finished-at="2025-03-22T20:51:15 IST" duration-ms="23691" status="PASS">
          <reporter-output>
          </reporter-output>
        </test-method> <!-- uploadImageInScannedImagesSection -->
        <test-method signature="handleAlertPopup()[pri:20, instance:testcases.dispensary_testcase@2c715e84]" started-at="2025-03-22T20:51:20 IST" name="handleAlertPopup" description="On Operation Theatre module, Verify clicking &quot;New OT Booking&quot; button popup &quot;Booking OT Schedule | New Patient&quot; form. 
As well as try to book a New OT Booking without patient Name popup the alert message &quot;Patient not Selected! Please Select the patient first!&quot;." finished-at="2025-03-22T20:51:29 IST" duration-ms="8550" status="PASS">
          <reporter-output>
          </reporter-output>
        </test-method> <!-- handleAlertPopup -->
        <test-method signature="handleCheckBox()[pri:21, instance:testcases.dispensary_testcase@2c715e84]" started-at="2025-03-22T20:51:32 IST" name="handleCheckBox" description="On Procurement module&#039;s &quot;Add Other Charges&quot; page, First, tick all check boxes and validate that the all selected checkboxes are selected or not and validate the VAT (IN %) text field is present or after click on VAT is applicable checkbox. " finished-at="2025-03-22T20:51:46 IST" duration-ms="13805" status="PASS">
          <reporter-output>
          </reporter-output>
        </test-method> <!-- handleCheckBox -->
        <test-method is-config="true" signature="tearDown()[pri:0, instance:testcases.dispensary_testcase@2c715e84]" started-at="2025-03-22T20:51:50 IST" name="tearDown" finished-at="2025-03-22T20:51:50 IST" duration-ms="375" status="PASS">
          <reporter-output>
          </reporter-output>
        </test-method> <!-- tearDown -->
      </class> <!-- testcases.dispensary_testcase -->
    </test> <!-- Test -->
  </suite> <!-- Suite -->
</testng-results>
